2022-05-04 15:15:39,705 ERROR [main] i.g.b.w.o.HttpClient [HttpClient.java:171] Error HTTP 404 executing https://chromedriver.storage.googleapis.com/LATEST_RELEASE_101.0.4951.41
2022-05-04 15:15:39,720 WARN [main] i.g.b.w.v.VersionDetector [VersionDetector.java:123] Exception reading https://chromedriver.storage.googleapis.com/LATEST_RELEASE_101.0.4951.41 to get latest version of chromedriver (Error HTTP 404 executing https://chromedriver.storage.googleapis.com/LATEST_RELEASE_101.0.4951.41)
2022-05-04 15:15:40,104 INFO [main] i.g.b.w.WebDriverManager [WebDriverManager.java:1177] Exporting webdriver.chrome.driver as C:\Users\Jurica\.cache\selenium\chromedriver\win32\101.0.4951.41\chromedriver.exe
2022-05-04 15:15:46,230 INFO [main] h.j.e.m.Main [Main.java:56] Successfully logged in

2022-05-04 15:15:48,837 INFO [main] h.j.e.m.Main [Main.java:60] Module 'Kontakti' successfully opened

2022-05-04 15:15:48,881 INFO [main] h.j.e.m.Main [Main.java:64] Started scenario execution. Input data successfully read
2022-05-04 15:15:49,893 INFO [main] h.j.e.m.Main [Main.java:75] Started ABATON d.o.o. task
2022-05-04 15:16:01,411 INFO [main] h.j.e.m.Main [Main.java:182] Compare contacts for ABATON d.o.o.
2022-05-04 15:16:01,983 INFO [main] h.j.e.m.Main [Main.java:184] ABATON d.o.o.has no contacts
2022-05-04 15:16:01,986 INFO [main] h.j.e.m.Main [Main.java:77] ABATON d.o.o. task successfully finished

2022-05-04 15:16:01,987 INFO [main] h.j.e.m.Main [Main.java:75] Started New company d.o.o. task
2022-05-04 15:16:13,205 INFO [main] h.j.e.m.Main [Main.java:216] Compare contacts for New company d.o.o.
2022-05-04 15:16:13,893 INFO [main] h.j.e.m.Main [Main.java:230] Updated 1 contact for New company d.o.o.
2022-05-04 15:16:17,780 INFO [main] h.j.e.m.Main [Main.java:77] New company d.o.o. task successfully finished

2022-05-04 15:16:17,781 INFO [main] h.j.e.m.Main [Main.java:75] Started Jurica Lihtar d.o.o. task
2022-05-04 15:16:29,099 INFO [main] h.j.e.m.Main [Main.java:216] Compare contacts for Jurica Lihtar d.o.o.
2022-05-04 15:16:29,496 INFO [main] h.j.e.m.Main [Main.java:230] Updated 1 contact for Jurica Lihtar d.o.o.
2022-05-04 15:16:33,248 INFO [main] h.j.e.m.Main [Main.java:77] Jurica Lihtar d.o.o. task successfully finished

2022-05-04 15:16:33,249 INFO [main] h.j.e.m.Main [Main.java:75] Started Pero Perić d.o.o. task
2022-05-04 15:16:44,421 INFO [main] h.j.e.m.Main [Main.java:216] Compare contacts for Pero Perić d.o.o.
2022-05-04 15:16:47,496 INFO [main] h.j.e.m.Main [Main.java:224] Updated 4 for Pero Perić d.o.o.
2022-05-04 15:16:51,350 INFO [main] h.j.e.m.Main [Main.java:77] Pero Perić d.o.o. task successfully finished

2022-05-04 15:16:51,351 INFO [main] h.j.e.m.Main [Main.java:84] Search all inserted companies
2022-05-04 15:16:54,706 INFO [main] h.j.e.m.Main [Main.java:105] ABATON d.o.o. found in list

2022-05-04 15:16:57,995 INFO [main] h.j.e.m.Main [Main.java:105] New company d.o.o. found in list

2022-05-04 15:17:01,330 INFO [main] h.j.e.m.Main [Main.java:105] Jurica Lihtar d.o.o. found in list

2022-05-04 15:17:04,678 INFO [main] h.j.e.m.Main [Main.java:105] Pero Perić d.o.o. found in list

2022-05-04 15:17:04,678 INFO [main] h.j.e.m.Main [Main.java:116] All data from input was processed
2022-05-04 15:18:59,408 INFO [main] i.g.b.w.WebDriverManager [WebDriverManager.java:1122] Using chromedriver 101.0.4951.41 (resolved driver for Chrome 101)
2022-05-04 15:18:59,452 INFO [main] i.g.b.w.WebDriverManager [WebDriverManager.java:1177] Exporting webdriver.chrome.driver as C:\Users\Jurica\.cache\selenium\chromedriver\win32\101.0.4951.41\chromedriver.exe
2022-05-04 15:19:06,770 INFO [main] h.j.e.m.Main [Main.java:56] Successfully logged in

2022-05-04 15:19:09,434 INFO [main] h.j.e.m.Main [Main.java:60] Module 'Kontakti' successfully opened

2022-05-04 15:19:09,487 INFO [main] h.j.e.m.Main [Main.java:64] Started scenario execution. Input data successfully read
2022-05-04 15:19:10,499 INFO [main] h.j.e.m.Main [Main.java:75] Started ABATON d.o.o. task
2022-05-04 15:19:21,934 INFO [main] h.j.e.m.Main [Main.java:182] Compare contacts for ABATON d.o.o.
2022-05-04 15:19:22,571 INFO [main] h.j.e.m.Main [Main.java:184] ABATON d.o.o.has no contacts
2022-05-04 15:19:22,572 INFO [main] h.j.e.m.Main [Main.java:77] ABATON d.o.o. task successfully finished

2022-05-04 15:19:22,572 INFO [main] h.j.e.m.Main [Main.java:75] Started New company d.o.o. task
2022-05-04 15:19:33,831 INFO [main] h.j.e.m.Main [Main.java:216] Compare contacts for New company d.o.o.
2022-05-04 15:19:34,575 INFO [main] h.j.e.m.Main [Main.java:230] Updated 1 contact for New company d.o.o.
2022-05-04 15:19:38,509 INFO [main] h.j.e.m.Main [Main.java:77] New company d.o.o. task successfully finished

2022-05-04 15:19:38,510 INFO [main] h.j.e.m.Main [Main.java:75] Started Jurica Lihtar d.o.o. task
2022-05-04 15:19:49,733 INFO [main] h.j.e.m.Main [Main.java:216] Compare contacts for Jurica Lihtar d.o.o.
2022-05-04 15:19:50,131 INFO [main] h.j.e.m.Main [Main.java:230] Updated 1 contact for Jurica Lihtar d.o.o.
2022-05-04 15:19:53,995 INFO [main] h.j.e.m.Main [Main.java:77] Jurica Lihtar d.o.o. task successfully finished

2022-05-04 15:19:53,996 INFO [main] h.j.e.m.Main [Main.java:75] Started Pero Perić d.o.o. task
2022-05-04 15:20:05,198 INFO [main] h.j.e.m.Main [Main.java:216] Compare contacts for Pero Perić d.o.o.
2022-05-04 15:20:08,198 INFO [main] h.j.e.m.Main [Main.java:224] Updated 4 for Pero Perić d.o.o.
2022-05-04 15:20:12,062 INFO [main] h.j.e.m.Main [Main.java:77] Pero Perić d.o.o. task successfully finished

2022-05-04 15:20:12,063 INFO [main] h.j.e.m.Main [Main.java:84] Search all inserted companies:
2022-05-04 15:20:15,373 INFO [main] h.j.e.m.Main [Main.java:105] ABATON d.o.o. found in list
2022-05-04 15:20:18,689 INFO [main] h.j.e.m.Main [Main.java:105] New company d.o.o. found in list
2022-05-04 15:20:22,005 INFO [main] h.j.e.m.Main [Main.java:105] Jurica Lihtar d.o.o. found in list
2022-05-04 15:20:25,285 INFO [main] h.j.e.m.Main [Main.java:105] Pero Perić d.o.o. found in list
2022-05-04 15:20:25,285 INFO [main] h.j.e.m.Main [Main.java:116] All data from input was processed
2022-05-04 15:31:32,764 INFO [main] i.g.b.w.WebDriverManager [WebDriverManager.java:1122] Using chromedriver 101.0.4951.41 (resolved driver for Chrome 101)
2022-05-04 15:31:32,818 INFO [main] i.g.b.w.WebDriverManager [WebDriverManager.java:1177] Exporting webdriver.chrome.driver as C:\Users\Jurica\.cache\selenium\chromedriver\win32\101.0.4951.41\chromedriver.exe
2022-05-04 15:31:39,282 INFO [main] h.j.e.m.Main [Main.java:57] Successfully logged in

2022-05-04 15:31:42,191 INFO [main] h.j.e.m.Main [Main.java:61] Module 'Kontakti' successfully opened

2022-05-04 15:31:42,204 INFO [main] h.j.e.m.Main [Main.java:417] File inputFile exists
2022-05-04 15:31:42,229 INFO [main] h.j.e.m.Main [Main.java:65] Started scenario execution. Input data successfully read
2022-05-04 15:31:43,240 INFO [main] h.j.e.m.Main [Main.java:76] Started ABATON d.o.o. task
2022-05-04 15:31:54,962 INFO [main] h.j.e.m.Main [Main.java:183] Compare contacts for ABATON d.o.o.
2022-05-04 15:31:55,525 INFO [main] h.j.e.m.Main [Main.java:185] ABATON d.o.o.has no contacts
2022-05-04 15:31:55,526 INFO [main] h.j.e.m.Main [Main.java:78] ABATON d.o.o. task successfully finished

2022-05-04 15:31:55,527 INFO [main] h.j.e.m.Main [Main.java:76] Started New company d.o.o. task
2022-05-04 15:32:01,960 INFO [main] h.j.e.m.Main [Main.java:158] Company New company d.o.o. was not found in list. Creating new.
2022-05-04 15:32:06,175 INFO [main] h.j.e.m.Main [Main.java:385] SUCCESS: New company d.o.o. added to list. Added 1 contacts to New company d.o.o.
2022-05-04 15:32:10,053 INFO [main] h.j.e.m.Main [Main.java:78] New company d.o.o. task successfully finished

2022-05-04 15:32:10,053 INFO [main] h.j.e.m.Main [Main.java:76] Started Jurica Lihtar d.o.o. task
2022-05-04 15:32:21,282 INFO [main] h.j.e.m.Main [Main.java:191] Compare contacts for Jurica Lihtar d.o.o.
2022-05-04 15:32:24,705 INFO [main] h.j.e.m.Main [Main.java:209] Added 1 contacts to Jurica Lihtar d.o.o.
2022-05-04 15:32:24,706 INFO [main] h.j.e.m.Main [Main.java:78] Jurica Lihtar d.o.o. task successfully finished

2022-05-04 15:32:24,706 INFO [main] h.j.e.m.Main [Main.java:76] Started Pero Perić d.o.o. task
2022-05-04 15:32:35,890 INFO [main] h.j.e.m.Main [Main.java:239] Compare contacts for Pero Perić d.o.o.
2022-05-04 15:32:42,330 INFO [main] h.j.e.m.Main [Main.java:263] Updated 2 for Pero Perić d.o.o.
2022-05-04 15:32:42,331 INFO [main] h.j.e.m.Main [Main.java:264] Added 2 for Pero Perić d.o.o.
2022-05-04 15:32:42,332 INFO [main] h.j.e.m.Main [Main.java:78] Pero Perić d.o.o. task successfully finished

2022-05-04 15:32:42,332 INFO [main] h.j.e.m.Main [Main.java:85] Search all inserted companies:
2022-05-04 15:32:45,666 INFO [main] h.j.e.m.Main [Main.java:106] ABATON d.o.o. found in list
2022-05-04 15:32:48,960 INFO [main] h.j.e.m.Main [Main.java:106] New company d.o.o. found in list
2022-05-04 15:32:52,275 INFO [main] h.j.e.m.Main [Main.java:106] Jurica Lihtar d.o.o. found in list
2022-05-04 15:32:55,566 INFO [main] h.j.e.m.Main [Main.java:106] Pero Perić d.o.o. found in list
2022-05-04 15:32:55,566 INFO [main] h.j.e.m.Main [Main.java:117] All data from input was processed
